Exec Dump ----------------------------------------------------
  Stopped:       false
  StopCode:      000
  Allow Restart: false
ConsoleManager ----------------------------------------------------
  initialized:     true
  threadStarted:   true
  threadStopped:   false
  terminateThread: false
  Consoles:
    SYSCON (Primary)
  termFlag:false
  id:0 text:Modify Config then answer DONE maxLen:4 resp:<nil>
  QueuedReadOnly:
  QueuedReadReply:
    tid:1 hasReply:false canceled:false retry:false repCons:SYSCON
      [ ] Modify Config then answer DONE !emitRunId max:4    reply:
KeyinManager ----------------------------------------------------
  initialized:     true
  threadStarted:   true
  threadStopped:   false
  terminateThread: false
  Recent or Pending Keyins:
    PEND: DU,MP
NodeManager ----------------------------------------------------
  initialized:     true
  threadStarted:   true
  threadStopped:   false
  terminateThread: false
  CHDISK UP devices: DISK0 DISK1 DISK2
  CHTAPE UP devices: TAPE0 TAPE1
  DISK1 id:0111630206105 UP ready:false channels: CHDISK
  DISK2 id:0111630206205 UP ready:false channels: CHDISK
  TAPE0 id:0310625126005 UP ready:false channels: CHTAPE
  TAPE1 id:0310625126105 UP ready:false channels: CHTAPE
  DISK0 id:0111630206005 UP ready:false channels: CHDISK
FacilitiesManager ----------------------------------------------------
  initialized:     false
  threadStarted:   false
  threadStopped:   false
  terminateThread: false
