Exec Dump ----------------------------------------------------
  Phase:         1
  Stopped:       false
  StopCode:      000
  Allow Restart: false
ConsoleManager ----------------------------------------------------
  initialized:     true
  threadStarted:   true
  threadStopped:   false
  terminateThread: false
  Consoles:
    SYSCON (Primary)
  termFlag:false
  QueuedReadOnly:
  QueuedReadReply:
KeyinManager ----------------------------------------------------
  initialized:     true
  threadStarted:   true
  threadStopped:   false
  terminateThread: false
  Recent or Pending Keyins:
    PEND: DU,MP
NodeManager ----------------------------------------------------
  initialized:     true
  threadStarted:   true
  threadStopped:   false
  terminateThread: false
  CHDISK UP devices: DISK0 DISK1 DISK2 DISK3
  CHTAPE UP devices: TAPE0 TAPE1
  DISK1 id:0111630206105 UP ready:true channels: CHDISK
    Rdy:true WProt:false pack:FIX001 file:0x14000010170
      prep:112 trks:10000 blks:160000 sec/blk:4 blk/trk:16 bytes/blk:504 padded:512
  DISK2 id:0111630206205 UP ready:true channels: CHDISK
    Rdy:true WProt:false pack:FIX002 file:0x14000010190
      prep:1792 trks:10000 blks:10000 sec/blk:64 blk/trk:1 bytes/blk:8064 padded:8192
  DISK3 id:0111630206305 UP ready:true channels: CHDISK
    Rdy:true WProt:false pack:REM000 file:0x140000101b0
      prep:112 trks:10000 blks:160000 sec/blk:4 blk/trk:16 bytes/blk:504 padded:512
  TAPE0 id:0310625126005 UP ready:false channels: CHTAPE
  TAPE1 id:0310625126105 UP ready:false channels: CHTAPE
  DISK0 id:0111630206005 UP ready:true channels: CHDISK
    Rdy:true WProt:false pack:FIX000 file:0x14000010150
      prep:28 trks:10000 blks:640000 sec/blk:1 blk/trk:64 bytes/blk:126 padded:128
FacilitiesManager ----------------------------------------------------
  initialized:     true
  threadStarted:   true
  threadStopped:   false
  terminateThread: false
  Disk units:
    DISK1*  PACK-ID:FIX001 Prepped:true Fixed:true
    DISK2*  PACK-ID:FIX002 Prepped:true Fixed:true
    DISK3 PACK-ID:REM000 Prepped:true Fixed:false
    DISK0*  PACK-ID:FIX000 Prepped:true Fixed:true
  Tape units:
    TAPE0
    TAPE1
  Queued device-ready notifications:
MFDManager ----------------------------------------------------
  isInitialized:   true
  threadStarted:   true
  threadStopped:   false
  terminateThread: false
  init MS:         true
  needs Persist:   false
  Fixed Packs:
    ldat=0001 FIX001 alloc=true mask=000003
    Block Descriptors:
      mfdTrkId:0000 mfdBlkId:0001 packBlkId:17 dirty:true
      mfdTrkId:0000 mfdBlkId:0012 packBlkId:26 dirty:true
      mfdTrkId:0000 mfdBlkId:0013 packBlkId:27 dirty:true
      mfdTrkId:0000 mfdBlkId:0014 packBlkId:28 dirty:true
      mfdTrkId:0000 mfdBlkId:0015 packBlkId:29 dirty:true
      mfdTrkId:0000 mfdBlkId:0016 packBlkId:30 dirty:true
      mfdTrkId:0000 mfdBlkId:0000 packBlkId:16 dirty:true
      mfdTrkId:0000 mfdBlkId:0002 packBlkId:18 dirty:true
      mfdTrkId:0000 mfdBlkId:0004 packBlkId:20 dirty:true
      mfdTrkId:0000 mfdBlkId:0005 packBlkId:21 dirty:true
      mfdTrkId:0000 mfdBlkId:0006 packBlkId:22 dirty:true
      mfdTrkId:0000 mfdBlkId:0010 packBlkId:24 dirty:true
      mfdTrkId:0000 mfdBlkId:0011 packBlkId:25 dirty:true
      mfdTrkId:0000 mfdBlkId:0003 packBlkId:19 dirty:true
      mfdTrkId:0000 mfdBlkId:0007 packBlkId:23 dirty:true
      mfdTrkId:0000 mfdBlkId:0017 packBlkId:31 dirty:true
    FreeSpace trackId   trackCount:
    ldat=0002 FIX002 alloc=true mask=000077
    Block Descriptors:
      mfdTrkId:0000 mfdBlkId:0000 packBlkId:1 dirty:true
    FreeSpace trackId   trackCount:
    ldat=0003 FIX000 alloc=true mask=000000
    Block Descriptors:
      mfdTrkId:0000 mfdBlkId:0071 packBlkId:121 dirty:true
      mfdTrkId:0000 mfdBlkId:0016 packBlkId:78 dirty:true
      mfdTrkId:0000 mfdBlkId:0027 packBlkId:87 dirty:true
      mfdTrkId:0000 mfdBlkId:0042 packBlkId:98 dirty:true
      mfdTrkId:0000 mfdBlkId:0074 packBlkId:124 dirty:true
      mfdTrkId:0000 mfdBlkId:0023 packBlkId:83 dirty:true
      mfdTrkId:0000 mfdBlkId:0072 packBlkId:122 dirty:true
      mfdTrkId:0000 mfdBlkId:0063 packBlkId:115 dirty:true
      mfdTrkId:0000 mfdBlkId:0024 packBlkId:84 dirty:true
      mfdTrkId:0000 mfdBlkId:0044 packBlkId:100 dirty:true
      mfdTrkId:0000 mfdBlkId:0056 packBlkId:110 dirty:true
      mfdTrkId:0000 mfdBlkId:0057 packBlkId:111 dirty:true
      mfdTrkId:0000 mfdBlkId:0061 packBlkId:113 dirty:true
      mfdTrkId:0000 mfdBlkId:0066 packBlkId:118 dirty:true
      mfdTrkId:0000 mfdBlkId:0003 packBlkId:67 dirty:true
      mfdTrkId:0000 mfdBlkId:0043 packBlkId:99 dirty:true
      mfdTrkId:0000 mfdBlkId:0055 packBlkId:109 dirty:true
      mfdTrkId:0000 mfdBlkId:0077 packBlkId:127 dirty:true
      mfdTrkId:0000 mfdBlkId:0037 packBlkId:95 dirty:true
      mfdTrkId:0000 mfdBlkId:0021 packBlkId:81 dirty:true
      mfdTrkId:0000 mfdBlkId:0033 packBlkId:91 dirty:true
      mfdTrkId:0000 mfdBlkId:0040 packBlkId:96 dirty:true
      mfdTrkId:0000 mfdBlkId:0052 packBlkId:106 dirty:true
      mfdTrkId:0000 mfdBlkId:0020 packBlkId:80 dirty:true
      mfdTrkId:0000 mfdBlkId:0001 packBlkId:65 dirty:true
      mfdTrkId:0000 mfdBlkId:0064 packBlkId:116 dirty:true
      mfdTrkId:0000 mfdBlkId:0000 packBlkId:64 dirty:true
      mfdTrkId:0000 mfdBlkId:0015 packBlkId:77 dirty:true
      mfdTrkId:0000 mfdBlkId:0025 packBlkId:85 dirty:true
      mfdTrkId:0000 mfdBlkId:0046 packBlkId:102 dirty:true
      mfdTrkId:0000 mfdBlkId:0006 packBlkId:70 dirty:true
      mfdTrkId:0000 mfdBlkId:0011 packBlkId:73 dirty:true
      mfdTrkId:0000 mfdBlkId:0032 packBlkId:90 dirty:true
      mfdTrkId:0000 mfdBlkId:0054 packBlkId:108 dirty:true
      mfdTrkId:0000 mfdBlkId:0067 packBlkId:119 dirty:true
      mfdTrkId:0000 mfdBlkId:0007 packBlkId:71 dirty:true
      mfdTrkId:0000 mfdBlkId:0012 packBlkId:74 dirty:true
      mfdTrkId:0000 mfdBlkId:0050 packBlkId:104 dirty:true
      mfdTrkId:0000 mfdBlkId:0051 packBlkId:105 dirty:true
      mfdTrkId:0000 mfdBlkId:0053 packBlkId:107 dirty:true
      mfdTrkId:0000 mfdBlkId:0004 packBlkId:68 dirty:true
      mfdTrkId:0000 mfdBlkId:0030 packBlkId:88 dirty:true
      mfdTrkId:0000 mfdBlkId:0073 packBlkId:123 dirty:true
      mfdTrkId:0000 mfdBlkId:0026 packBlkId:86 dirty:true
      mfdTrkId:0000 mfdBlkId:0060 packBlkId:112 dirty:true
      mfdTrkId:0000 mfdBlkId:0076 packBlkId:126 dirty:true
      mfdTrkId:0000 mfdBlkId:0047 packBlkId:103 dirty:true
      mfdTrkId:0000 mfdBlkId:0070 packBlkId:120 dirty:true
      mfdTrkId:0000 mfdBlkId:0075 packBlkId:125 dirty:true
      mfdTrkId:0000 mfdBlkId:0014 packBlkId:76 dirty:true
      mfdTrkId:0000 mfdBlkId:0017 packBlkId:79 dirty:true
      mfdTrkId:0000 mfdBlkId:0022 packBlkId:82 dirty:true
      mfdTrkId:0000 mfdBlkId:0031 packBlkId:89 dirty:true
      mfdTrkId:0000 mfdBlkId:0035 packBlkId:93 dirty:true
      mfdTrkId:0000 mfdBlkId:0002 packBlkId:66 dirty:true
      mfdTrkId:0000 mfdBlkId:0034 packBlkId:92 dirty:true
      mfdTrkId:0000 mfdBlkId:0045 packBlkId:101 dirty:true
      mfdTrkId:0000 mfdBlkId:0065 packBlkId:117 dirty:true
      mfdTrkId:0000 mfdBlkId:0005 packBlkId:69 dirty:true
      mfdTrkId:0000 mfdBlkId:0013 packBlkId:75 dirty:true
      mfdTrkId:0000 mfdBlkId:0036 packBlkId:94 dirty:true
      mfdTrkId:0000 mfdBlkId:0041 packBlkId:97 dirty:true
      mfdTrkId:0000 mfdBlkId:0062 packBlkId:114 dirty:true
      mfdTrkId:0000 mfdBlkId:0010 packBlkId:72 dirty:true
    FreeSpace trackId   trackCount:
  Fixed Lookup Table:
    :MFD$$                     000001000002
  Queued device-ready notifications:
